[debug] [2022-06-27T12:22:53.472Z] ----------------------------------------------------------------------
[debug] [2022-06-27T12:22:53.473Z] Command:       C:\Program Files\nodejs\node.exe C:\Users\Tanveer Singh\AppData\Roaming\npm\node_modules\firebase-tools\lib\bin\firebase.js init
[debug] [2022-06-27T12:22:53.474Z] CLI Version:   11.1.0
[debug] [2022-06-27T12:22:53.474Z] Platform:      win32
[debug] [2022-06-27T12:22:53.474Z] Node Version:  v16.15.1
[debug] [2022-06-27T12:22:53.475Z] Time:          Mon Jun 27 2022 22:22:53 GMT+1000 (Australian Eastern Standard Time)
[debug] [2022-06-27T12:22:53.475Z] ----------------------------------------------------------------------
[debug] 
[debug] [2022-06-27T12:22:53.480Z] > command requires scopes: ["email","openid","https://www.googleapis.com/auth/cloudplatformprojects.readonly","https://www.googleapis.com/auth/firebase","https://www.googleapis.com/auth/cloud-platform"]
[debug] [2022-06-27T12:22:53.480Z] > authorizing via signed-in user (tsingh0897@gmail.com)
[info] 
     ######## #### ########  ######## ########     ###     ######  ########
     ##        ##  ##     ## ##       ##     ##  ##   ##  ##       ##
     ######    ##  ########  ######   ########  #########  ######  ######
     ##        ##  ##    ##  ##       ##     ## ##     ##       ## ##
     ##       #### ##     ## ######## ########  ##     ##  ######  ########

You're about to initialize a Firebase project in this directory:

  C:\Users\Tanveer Singh\OneDrive\Desktop\Projects\cs-network

[info] 
=== Project Setup
[info] 
[info] First, let's associate this project directory with a Firebase project.
[info] You can create multiple project aliases by running firebase use --add, 
[info] but for now we'll just set up a default project.
[info] 
[debug] [2022-06-27T12:23:17.777Z] >>> [apiv2][query] GET https://firebase.googleapis.com/v1beta1/projects pageSize=100
[debug] [2022-06-27T12:23:18.824Z] <<< [apiv2][status] GET https://firebase.googleapis.com/v1beta1/projects 200
[debug] [2022-06-27T12:23:18.825Z] <<< [apiv2][body] GET https://firebase.googleapis.com/v1beta1/projects [omitted]
[info] i  Using project cs-network-fire (cs-network-fire) 
[info] 
=== Hosting Setup
[info] 
[info] Your public directory is the folder (relative to your project directory) that
[info] will contain Hosting assets to be uploaded with firebase deploy. If you
[info] have a build process for your assets, use your build's output directory.
[info] 
[debug] [2022-06-27T12:23:34.615Z] >>> [apiv2][query] GET https://www.gstatic.com/firebasejs/releases.json [none]
[debug] [2022-06-27T12:23:34.884Z] <<< [apiv2][status] GET https://www.gstatic.com/firebasejs/releases.json 200
[debug] [2022-06-27T12:23:34.884Z] <<< [apiv2][body] GET https://www.gstatic.com/firebasejs/releases.json {"current":{"version":"9.8.4","browserURL":"https://www.gstatic.com/firebasejs/9.8.4/firebase.js","packageURL":"https://www.gstatic.com/firebasejs/9.8.4/firebase.tgz"},"live":{"version":"9.8","browserURL":"https://www.gstatic.com/firebasejs/live/9.8/firebase.js","packageURL":"https://www.gstatic.com/firebasejs/live/9.8/firebase.tgz"},"components":{"analytics":"https://www.gstatic.com/firebasejs/9.8.4/firebase-analytics.js","app":"https://www.gstatic.com/firebasejs/9.8.4/firebase-app.js","app-check":"https://www.gstatic.com/firebasejs/9.8.4/firebase-app-check.js","auth":"https://www.gstatic.com/firebasejs/9.8.4/firebase-auth.js","auth/cordova":"https://www.gstatic.com/firebasejs/9.8.4/firebase-auth/cordova.js","auth/react-native":"https://www.gstatic.com/firebasejs/9.8.4/firebase-auth/react-native.js","functions":"https://www.gstatic.com/firebasejs/9.8.4/firebase-functions.js","firestore":"https://www.gstatic.com/firebasejs/9.8.4/firebase-firestore.js","firestore/lite":"https://www.gstatic.com/firebasejs/9.8.4/firebase-firestore/lite.js","storage":"https://www.gstatic.com/firebasejs/9.8.4/firebase-storage.js","performance":"https://www.gstatic.com/firebasejs/9.8.4/firebase-performance.js","remote-config":"https://www.gstatic.com/firebasejs/9.8.4/firebase-remote-config.js","messaging":"https://www.gstatic.com/firebasejs/9.8.4/firebase-messaging.js","messaging/sw":"https://www.gstatic.com/firebasejs/9.8.4/firebase-messaging/sw.js","database":"https://www.gstatic.com/firebasejs/9.8.4/firebase-database.js","firestore.memory":"https://www.gstatic.com/firebasejs/9.8.4/firebase-firestore.memory.js"}}
[info] +  Wrote build/index.html 
[info] 
[info] i  Didn't detect a .git folder. Assuming C:\Users\Tanveer Singh\OneDrive\Desktop\Projects\cs-network is the project root. 
[info] i  Authorizing with GitHub to upload your service account to a GitHub repository's secrets store. 
[info] 
[info] Visit this URL on this device to log in:
[info] https://github.com/login/oauth/authorize?client_id=89cf50f02ac6aaed3484&state=280249505&redirect_uri=http%3A%2F%2Flocalhost%3A9005&scope=read%3Auser%20repo%20public_repo
[info] 
[info] Waiting for authentication...
[debug] [2022-06-27T12:23:36.347Z] >>> [apiv2][query] POST https://github.com/login/oauth/access_token [none]
[debug] [2022-06-27T12:23:36.347Z] >>> [apiv2][body] POST https://github.com/login/oauth/access_token [stream]
[debug] [2022-06-27T12:23:37.037Z] <<< [apiv2][status] POST https://github.com/login/oauth/access_token 200
[debug] [2022-06-27T12:23:37.037Z] <<< [apiv2][body] POST https://github.com/login/oauth/access_token {"access_token":"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","token_type":"bearer","scope":"read:user,repo"}
[debug] [2022-06-27T12:23:37.042Z] >>> [apiv2][query] GET https://api.github.com/user [none]
[debug] [2022-06-27T12:23:37.612Z] <<< [apiv2][status] GET https://api.github.com/user 200
[debug] [2022-06-27T12:23:37.612Z] <<< [apiv2][body] GET https://api.github.com/user {"login":"Tanveerfb","id":61409546,"node_id":"MDQ6VXNlcjYxNDA5NTQ2","avatar_url":"https://avatars.githubusercontent.com/u/61409546?v=4","gravatar_id":"","url":"https://api.github.com/users/Tanveerfb","html_url":"https://github.com/Tanveerfb","followers_url":"https://api.github.com/users/Tanveerfb/followers","following_url":"https://api.github.com/users/Tanveerfb/following{/other_user}","gists_url":"https://api.github.com/users/Tanveerfb/gists{/gist_id}","starred_url":"https://api.github.com/users/Tanveerfb/starred{/owner}{/repo}","subscriptions_url":"https://api.github.com/users/Tanveerfb/subscriptions","organizations_url":"https://api.github.com/users/Tanveerfb/orgs","repos_url":"https://api.github.com/users/Tanveerfb/repos","events_url":"https://api.github.com/users/Tanveerfb/events{/privacy}","received_events_url":"https://api.github.com/users/Tanveerfb/received_events","type":"User","site_admin":false,"name":"Tanveer Singh","company":null,"blog":"","location":null,"email":null,"hireable":null,"bio":null,"twitter_username":null,"public_repos":0,"public_gists":0,"followers":0,"following":1,"created_at":"2020-02-24T09:13:54Z","updated_at":"2022-06-27T10:57:50Z","private_gists":0,"total_private_repos":7,"owned_private_repos":7,"disk_usage":24745,"collaborators":1,"two_factor_authentication":false,"plan":{"name":"free","space":976562499,"collaborators":0,"private_repos":10000}}
[info] 
[info] +  Success! Logged into GitHub as Tanveerfb 
[info] 
[debug] [2022-06-27T12:23:42.623Z] >>> [apiv2][query] GET https://api.github.com/repos//actions/secrets/public-key type=owner
[debug] [2022-06-27T12:23:43.109Z] <<< [apiv2][status] GET https://api.github.com/repos//actions/secrets/public-key 404
[debug] [2022-06-27T12:23:43.109Z] <<< [apiv2][body] GET https://api.github.com/repos//actions/secrets/public-key {"message":"Not Found","documentation_url":"https://docs.github.com/rest"}
[debug] [2022-06-27T12:23:43.718Z] >>> [apiv2][query] GET https://api.github.com/repos//actions/secrets/public-key type=owner
[debug] [2022-06-27T12:23:44.031Z] <<< [apiv2][status] GET https://api.github.com/repos//actions/secrets/public-key 404
[debug] [2022-06-27T12:23:44.031Z] <<< [apiv2][body] GET https://api.github.com/repos//actions/secrets/public-key {"message":"Not Found","documentation_url":"https://docs.github.com/rest"}
[debug] [2022-06-27T12:23:51.478Z] >>> [apiv2][query] GET https://api.github.com/repos/tanveerfb/cs-network/actions/secrets/public-key type=owner
[debug] [2022-06-27T12:23:51.760Z] <<< [apiv2][status] GET https://api.github.com/repos/tanveerfb/cs-network/actions/secrets/public-key 404
[debug] [2022-06-27T12:23:51.760Z] <<< [apiv2][body] GET https://api.github.com/repos/tanveerfb/cs-network/actions/secrets/public-key {"message":"Not Found","documentation_url":"https://docs.github.com/rest/reference/actions#get-a-repository-public-key"}
[debug] [2022-06-27T12:23:52.398Z] >>> [apiv2][query] GET https://api.github.com/repos/tanveerfb/cs-network/actions/secrets/public-key type=owner
[debug] [2022-06-27T12:23:52.895Z] <<< [apiv2][status] GET https://api.github.com/repos/tanveerfb/cs-network/actions/secrets/public-key 404
[debug] [2022-06-27T12:23:52.895Z] <<< [apiv2][body] GET https://api.github.com/repos/tanveerfb/cs-network/actions/secrets/public-key {"message":"Not Found","documentation_url":"https://docs.github.com/rest/reference/actions#get-a-repository-public-key"}
